2025-09-05 17:52:17,576 - INFO - ====== WebDriver manager ======
2025-09-05 17:52:17,577 - WARNING - Failed to set up webdriver-manager: [WinError 5] Access is denied
2025-09-05 17:52:22,144 - INFO - Successfully loaded the homepage.
2025-09-05 17:52:22,145 - INFO - Scraping page 1
2025-09-05 17:52:22,166 - INFO - Found 20 books on page 1
2025-09-05 17:52:26,180 - INFO - Navigated to next page.
2025-09-05 17:52:26,180 - INFO - Scraping page 2
2025-09-05 17:52:26,198 - INFO - Found 20 books on page 2
2025-09-05 17:52:30,646 - INFO - Navigated to next page.
2025-09-05 17:52:30,646 - INFO - Scraping page 3
2025-09-05 17:52:30,659 - INFO - Found 20 books on page 3
2025-09-05 17:52:34,715 - INFO - Navigated to next page.
2025-09-05 17:52:34,715 - INFO - Scraping page 4
2025-09-05 17:52:34,730 - INFO - Found 20 books on page 4
2025-09-05 17:52:42,695 - INFO - Navigated to next page.
2025-09-05 17:52:42,696 - INFO - Scraping page 5
2025-09-05 17:52:42,709 - INFO - Found 20 books on page 5
2025-09-05 17:52:46,624 - INFO - Navigated to next page.
2025-09-05 17:52:46,624 - INFO - Scraping page 6
2025-09-05 17:52:46,643 - INFO - Found 20 books on page 6
2025-09-05 17:52:50,200 - INFO - Navigated to next page.
2025-09-05 17:52:50,200 - INFO - Scraping page 7
2025-09-05 17:52:50,218 - INFO - Found 20 books on page 7
2025-09-05 17:52:53,285 - INFO - Navigated to next page.
2025-09-05 17:52:53,285 - INFO - Scraping page 8
2025-09-05 17:52:53,305 - INFO - Found 20 books on page 8
2025-09-05 17:52:56,567 - INFO - Navigated to next page.
2025-09-05 17:52:56,567 - INFO - Scraping page 9
2025-09-05 17:52:56,587 - INFO - Found 20 books on page 9
2025-09-05 17:52:59,837 - INFO - Navigated to next page.
2025-09-05 17:52:59,837 - INFO - Scraping page 10
2025-09-05 17:52:59,857 - INFO - Found 20 books on page 10
2025-09-05 17:53:02,700 - INFO - Navigated to next page.
2025-09-05 17:53:02,700 - INFO - Scraping page 11
2025-09-05 17:53:02,718 - INFO - Found 20 books on page 11
2025-09-05 17:53:06,307 - INFO - Navigated to next page.
2025-09-05 17:53:06,308 - INFO - Scraping page 12
2025-09-05 17:53:06,326 - INFO - Found 20 books on page 12
2025-09-05 17:53:10,186 - INFO - Navigated to next page.
2025-09-05 17:53:10,186 - INFO - Scraping page 13
2025-09-05 17:53:10,205 - INFO - Found 20 books on page 13
2025-09-05 17:53:13,963 - INFO - Navigated to next page.
2025-09-05 17:53:13,963 - INFO - Scraping page 14
2025-09-05 17:53:13,983 - INFO - Found 20 books on page 14
2025-09-05 17:53:17,439 - INFO - Navigated to next page.
2025-09-05 17:53:17,439 - INFO - Scraping page 15
2025-09-05 17:53:17,453 - INFO - Found 20 books on page 15
2025-09-05 17:53:20,808 - INFO - Navigated to next page.
2025-09-05 17:53:20,808 - INFO - Scraping page 16
2025-09-05 17:53:20,818 - INFO - Found 20 books on page 16
2025-09-05 17:53:23,858 - INFO - Navigated to next page.
2025-09-05 17:53:23,859 - INFO - Scraping page 17
2025-09-05 17:53:23,871 - INFO - Found 20 books on page 17
2025-09-05 17:53:27,164 - INFO - Navigated to next page.
2025-09-05 17:53:27,164 - INFO - Scraping page 18
2025-09-05 17:53:27,179 - INFO - Found 20 books on page 18
2025-09-05 17:53:30,394 - INFO - Navigated to next page.
2025-09-05 17:53:30,394 - INFO - Scraping page 19
2025-09-05 17:53:30,416 - INFO - Found 20 books on page 19
2025-09-05 17:53:34,439 - INFO - Navigated to next page.
2025-09-05 17:53:34,439 - INFO - Scraping page 20
2025-09-05 17:53:34,453 - INFO - Found 20 books on page 20
2025-09-05 17:53:37,796 - INFO - Navigated to next page.
2025-09-05 17:53:37,796 - INFO - Scraping page 21
2025-09-05 17:53:37,811 - INFO - Found 20 books on page 21
2025-09-05 17:53:43,357 - INFO - Navigated to next page.
2025-09-05 17:53:43,357 - INFO - Scraping page 22
2025-09-05 17:53:43,375 - INFO - Found 20 books on page 22
2025-09-05 17:53:47,655 - INFO - Navigated to next page.
2025-09-05 17:53:47,655 - INFO - Scraping page 23
2025-09-05 17:53:47,673 - INFO - Found 20 books on page 23
2025-09-05 17:53:52,779 - INFO - Navigated to next page.
2025-09-05 17:53:52,780 - INFO - Scraping page 24
2025-09-05 17:53:52,798 - INFO - Found 20 books on page 24
2025-09-05 17:53:58,309 - INFO - Navigated to next page.
2025-09-05 17:53:58,310 - INFO - Scraping page 25
2025-09-05 17:53:58,329 - INFO - Found 20 books on page 25
2025-09-05 17:54:03,527 - INFO - Navigated to next page.
2025-09-05 17:54:03,527 - INFO - Scraping page 26
2025-09-05 17:54:03,547 - INFO - Found 20 books on page 26
2025-09-05 17:54:07,933 - INFO - Navigated to next page.
2025-09-05 17:54:07,933 - INFO - Scraping page 27
2025-09-05 17:54:07,952 - INFO - Found 20 books on page 27
2025-09-05 17:54:12,953 - INFO - Navigated to next page.
2025-09-05 17:54:12,953 - INFO - Scraping page 28
2025-09-05 17:54:12,970 - INFO - Found 20 books on page 28
2025-09-05 17:54:17,540 - INFO - Navigated to next page.
2025-09-05 17:54:17,540 - INFO - Scraping page 29
2025-09-05 17:54:17,557 - INFO - Found 20 books on page 29
2025-09-05 17:54:22,079 - INFO - Navigated to next page.
2025-09-05 17:54:22,079 - INFO - Scraping page 30
2025-09-05 17:54:22,094 - INFO - Found 20 books on page 30
2025-09-05 17:54:26,466 - INFO - Navigated to next page.
2025-09-05 17:54:26,466 - INFO - Scraping page 31
2025-09-05 17:54:26,487 - INFO - Found 20 books on page 31
2025-09-05 17:54:33,587 - INFO - Navigated to next page.
2025-09-05 17:54:33,587 - INFO - Scraping page 32
2025-09-05 17:54:33,601 - INFO - Found 20 books on page 32
2025-09-05 17:54:37,721 - INFO - Navigated to next page.
2025-09-05 17:54:37,721 - INFO - Scraping page 33
2025-09-05 17:54:37,737 - INFO - Found 20 books on page 33
2025-09-05 17:54:42,823 - INFO - Navigated to next page.
2025-09-05 17:54:42,823 - INFO - Scraping page 34
2025-09-05 17:54:42,835 - INFO - Found 20 books on page 34
2025-09-05 17:54:46,938 - INFO - Navigated to next page.
2025-09-05 17:54:46,939 - INFO - Scraping page 35
2025-09-05 17:54:46,952 - INFO - Found 20 books on page 35
2025-09-05 17:54:52,674 - INFO - Navigated to next page.
2025-09-05 17:54:52,675 - INFO - Scraping page 36
2025-09-05 17:54:52,689 - INFO - Found 20 books on page 36
2025-09-05 17:54:57,896 - INFO - Navigated to next page.
2025-09-05 17:54:57,896 - INFO - Scraping page 37
2025-09-05 17:54:57,914 - INFO - Found 20 books on page 37
2025-09-05 17:55:02,619 - INFO - Navigated to next page.
2025-09-05 17:55:02,619 - INFO - Scraping page 38
2025-09-05 17:55:02,638 - INFO - Found 20 books on page 38
2025-09-05 17:55:08,555 - INFO - Navigated to next page.
2025-09-05 17:55:08,555 - INFO - Scraping page 39
2025-09-05 17:55:08,573 - INFO - Found 20 books on page 39
2025-09-05 17:55:14,794 - INFO - Navigated to next page.
2025-09-05 17:55:14,794 - INFO - Scraping page 40
2025-09-05 17:55:14,812 - INFO - Found 20 books on page 40
2025-09-05 17:55:20,117 - INFO - Navigated to next page.
2025-09-05 17:55:20,117 - INFO - Scraping page 41
2025-09-05 17:55:20,136 - INFO - Found 20 books on page 41
2025-09-05 17:55:24,535 - INFO - Navigated to next page.
2025-09-05 17:55:24,535 - INFO - Scraping page 42
2025-09-05 17:55:24,554 - INFO - Found 20 books on page 42
2025-09-05 17:56:20,140 - INFO - Navigated to next page.
2025-09-05 17:56:20,141 - INFO - Scraping page 43
2025-09-05 17:56:20,155 - INFO - Found 20 books on page 43
2025-09-05 17:56:24,115 - INFO - Navigated to next page.
2025-09-05 17:56:24,115 - INFO - Scraping page 44
2025-09-05 17:56:24,136 - INFO - Found 20 books on page 44
2025-09-05 17:56:27,389 - INFO - Navigated to next page.
2025-09-05 17:56:27,389 - INFO - Scraping page 45
2025-09-05 17:56:27,404 - INFO - Found 20 books on page 45
2025-09-05 17:56:30,792 - INFO - Navigated to next page.
2025-09-05 17:56:30,793 - INFO - Scraping page 46
2025-09-05 17:56:30,814 - INFO - Found 20 books on page 46
2025-09-05 17:56:34,274 - INFO - Navigated to next page.
2025-09-05 17:56:34,275 - INFO - Scraping page 47
2025-09-05 17:56:34,294 - INFO - Found 20 books on page 47
2025-09-05 17:56:37,083 - INFO - Navigated to next page.
2025-09-05 17:56:37,083 - INFO - Scraping page 48
2025-09-05 17:56:37,099 - INFO - Found 20 books on page 48
2025-09-05 17:56:41,923 - INFO - Navigated to next page.
2025-09-05 17:56:41,923 - INFO - Scraping page 49
2025-09-05 17:56:41,943 - INFO - Found 20 books on page 49
2025-09-05 17:56:44,995 - INFO - Navigated to next page.
2025-09-05 17:56:44,995 - INFO - Scraping page 50
2025-09-05 17:56:45,011 - INFO - Found 20 books on page 50
2025-09-05 17:56:46,446 - INFO - No more 'next' button found. Reached the last page.
2025-09-05 17:56:46,493 - INFO - \u2705 Scraping complete. 1000 books saved to books.csv
